This is pdfTeX, Version 3.14159265-2.6-1.40.18 (MiKTeX 2.9.6350 64-bit) (preloaded format=pdflatex 2017.6.15)  17 JAN 2018 17:16
entering extended mode
**./thesis.tex
(thesis.tex
LaTeX2e <2017-04-15>
Babel <3.10> and hyphenation patterns for 75 language(s) loaded.
("D:\MiKTeX 2.9\tex\latex\base\report.cls"
Document Class: report 2014/09/29 v1.4h Standard LaTeX document class
("D:\MiKTeX 2.9\tex\latex\base\size10.clo"
File: size10.clo 2014/09/29 v1.4h Standard LaTeX file (size option)
)
\c@part=\count79
\c@chapter=\count80
\c@section=\count81
\c@subsection=\count82
\c@subsubsection=\count83
\c@paragraph=\count84
\c@subparagraph=\count85
\c@figure=\count86
\c@table=\count87
\abovecaptionskip=\skip41
\belowcaptionskip=\skip42
\bibindent=\dimen102
) (thesis.sty
Package: thesis 

("D:\MiKTeX 2.9\tex\latex\a4wide\a4wide.sty"
Package: a4wide 1994/08/30

("D:\MiKTeX 2.9\tex\latex\ntgclass\a4.sty"
Package: a4 2004/04/15 v1.2g A4 based page layout
))
("D:\MiKTeX 2.9\tex\latex\amsmath\amsmath.sty"
Package: amsmath 2016/11/05 v2.16a AMS math features
\@mathmargin=\skip43

For additional information on amsmath, use the `?' option.
("D:\MiKTeX 2.9\tex\latex\amsmath\amstext.sty"
Package: amstext 2000/06/29 v2.01 AMS text

("D:\MiKTeX 2.9\tex\latex\amsmath\amsgen.sty"
File: amsgen.sty 1999/11/30 v2.0 generic functions
\@emptytoks=\toks14
\ex@=\dimen103
))
("D:\MiKTeX 2.9\tex\latex\amsmath\amsbsy.sty"
Package: amsbsy 1999/11/29 v1.2d Bold Symbols
\pmbraise@=\dimen104
)
("D:\MiKTeX 2.9\tex\latex\amsmath\amsopn.sty"
Package: amsopn 2016/03/08 v2.02 operator names
)
\inf@bad=\count88
LaTeX Info: Redefining \frac on input line 213.
\uproot@=\count89
\leftroot@=\count90
LaTeX Info: Redefining \overline on input line 375.
\classnum@=\count91
\DOTSCASE@=\count92
LaTeX Info: Redefining \ldots on input line 472.
LaTeX Info: Redefining \dots on input line 475.
LaTeX Info: Redefining \cdots on input line 596.
\Mathstrutbox@=\box26
\strutbox@=\box27
\big@size=\dimen105
LaTeX Font Info:    Redeclaring font encoding OML on input line 712.
LaTeX Font Info:    Redeclaring font encoding OMS on input line 713.
\macc@depth=\count93
\c@MaxMatrixCols=\count94
\dotsspace@=\muskip10
\c@parentequation=\count95
\dspbrk@lvl=\count96
\tag@help=\toks15
\row@=\count97
\column@=\count98
\maxfields@=\count99
\andhelp@=\toks16
\eqnshift@=\dimen106
\alignsep@=\dimen107
\tagshift@=\dimen108
\tagwidth@=\dimen109
\totwidth@=\dimen110
\lineht@=\dimen111
\@envbody=\toks17
\multlinegap=\skip44
\multlinetaggap=\skip45
\mathdisplay@stack=\toks18
LaTeX Info: Redefining \[ on input line 2817.
LaTeX Info: Redefining \] on input line 2818.
)
("D:\MiKTeX 2.9\tex\generic\babel\babel.sty"
Package: babel 2017/05/19 3.10 The Babel package

*************************************
* Local config file bblopts.cfg used
*
("D:\MiKTeX 2.9\tex\latex\arabi\bblopts.cfg"
File: bblopts.cfg 2005/09/08 v0.1 add Arabic and Farsi to "declared" options of
 babel
)
("D:\MiKTeX 2.9\tex\latex\babel-greek\greek.ldf"
Language: greek 2016/09/07 v1.9g Greek support for the babel system

("D:\MiKTeX 2.9\tex\generic\babel\babel.def"
File: babel.def 2017/05/19 3.10 Babel common definitions
\babel@savecnt=\count100
\U@D=\dimen112
)
\bbl@monogreek=\count101
\bbl@polygreek=\count102
\bbl@ancientgreek=\count103

("D:\MiKTeX 2.9\tex\latex\greek-fontenc\lgrenc.def"
File: lgrenc.def 2015/12/07 v0.13.1 LGR Greek font encoding definitions

("D:\MiKTeX 2.9\tex\latex\greek-fontenc\greek-fontenc.def"
File: greek-fontenc.def 2015/08/04 v0.13 Common Greek font encoding definitions

))
LaTeX Info: Composite with undeclared \< in encoding LGR on input line 418.
LaTeX Info: Composite with undeclared \> in encoding LGR on input line 418.
)
("D:\MiKTeX 2.9\tex\latex\babel-english\british.ldf"
Language: british 2017/01/24 v3.3q English support from the babel system

("D:\MiKTeX 2.9\tex\latex\babel-english\english.ldf"
Language: english 2017/01/24 v3.3q English support from the babel system
\l@canadian = a dialect from \language\l@american 
\l@australian = a dialect from \language\l@british 
\l@newzealand = a dialect from \language\l@british 
)))
("D:\MiKTeX 2.9\tex\latex\fancyhdr\fancyhdr.sty"
Package: fancyhdr 2016/10/11 v3.9 Extensive control of page headers and footers

\f@nch@headwidth=\skip46
\f@nch@O@elh=\skip47
\f@nch@O@erh=\skip48
\f@nch@O@olh=\skip49
\f@nch@O@orh=\skip50
\f@nch@O@elf=\skip51
\f@nch@O@erf=\skip52
\f@nch@O@olf=\skip53
\f@nch@O@orf=\skip54
)
("D:\MiKTeX 2.9\tex\latex\graphics\graphicx.sty"
Package: graphicx 2014/10/28 v1.0g Enhanced LaTeX Graphics (DPC,SPQR)

("D:\MiKTeX 2.9\tex\latex\graphics\keyval.sty"
Package: keyval 2014/10/28 v1.15 key=value parser (DPC)
\KV@toks@=\toks19
)
("D:\MiKTeX 2.9\tex\latex\graphics\graphics.sty"
Package: graphics 2017/04/14 v1.1b Standard LaTeX Graphics (DPC,SPQR)

("D:\MiKTeX 2.9\tex\latex\graphics\trig.sty"
Package: trig 2016/01/03 v1.10 sin cos tan (DPC)
)
("D:\MiKTeX 2.9\tex\latex\graphics-cfg\graphics.cfg"
File: graphics.cfg 2016/06/04 v1.11 sample graphics configuration
)
Package graphics Info: Driver file: pdftex.def on input line 99.

("D:\MiKTeX 2.9\tex\latex\graphics-def\pdftex.def"
File: pdftex.def 2017/01/12 v0.06k Graphics/color for pdfTeX

("D:\MiKTeX 2.9\tex\generic\oberdiek\infwarerr.sty"
Package: infwarerr 2016/05/16 v1.4 Providing info/warning/error messages (HO)
)
("D:\MiKTeX 2.9\tex\generic\oberdiek\ltxcmds.sty"
Package: ltxcmds 2016/05/16 v1.23 LaTeX kernel commands for general use (HO)
)
\Gread@gobject=\count104
))
\Gin@req@height=\dimen113
\Gin@req@width=\dimen114
)
("D:\MiKTeX 2.9\tex\latex\oberdiek\grffile.sty"
Package: grffile 2016/05/16 v1.17 Extended file name support for graphics (HO)

("D:\MiKTeX 2.9\tex\generic\oberdiek\ifpdf.sty"
Package: ifpdf 2017/03/15 v3.2 Provides the ifpdf switch
)
("D:\MiKTeX 2.9\tex\generic\ifxetex\ifxetex.sty"
Package: ifxetex 2010/09/12 v0.6 Provides ifxetex conditional
)
("D:\MiKTeX 2.9\tex\latex\oberdiek\kvoptions.sty"
Package: kvoptions 2016/05/16 v3.12 Key value format for package options (HO)

("D:\MiKTeX 2.9\tex\generic\oberdiek\kvsetkeys.sty"
Package: kvsetkeys 2016/05/16 v1.17 Key value parser (HO)

("D:\MiKTeX 2.9\tex\generic\oberdiek\etexcmds.sty"
Package: etexcmds 2016/05/16 v1.6 Avoid name clashes with e-TeX commands (HO)

("D:\MiKTeX 2.9\tex\generic\oberdiek\ifluatex.sty"
Package: ifluatex 2016/05/16 v1.4 Provides the ifluatex switch (HO)
Package ifluatex Info: LuaTeX not detected.
)
Package etexcmds Info: Could not find \expanded.
(etexcmds)             That can mean that you are not using pdfTeX 1.50 or
(etexcmds)             that some package has redefined \expanded.
(etexcmds)             In the latter case, load this package earlier.
)))
("D:\MiKTeX 2.9\tex\generic\oberdiek\pdftexcmds.sty"
Package: pdftexcmds 2017/03/19 v0.25 Utility functions of pdfTeX for LuaTeX (HO
)
Package pdftexcmds Info: LuaTeX not detected.
Package pdftexcmds Info: \pdf@primitive is available.
Package pdftexcmds Info: \pdf@ifprimitive is available.
Package pdftexcmds Info: \pdfdraftmode found.
)
Package grffile Info: Option `multidot' is set to `true'.
Package grffile Info: Option `extendedchars' is set to `false'.
Package grffile Info: Option `space' is set to `true'.
Package grffile Info: \Gin@ii of package `graphicx' fixed on input line 486.
)
("D:\MiKTeX 2.9\tex\latex\psnfss\pifont.sty"
Package: pifont 2005/04/12 PSNFSS-v9.2a Pi font support (SPQR) 
LaTeX Font Info:    Try loading font information for U+pzd on input line 63.

("D:\MiKTeX 2.9\tex\latex\psnfss\upzd.fd"
File: upzd.fd 2001/06/04 font definitions for U/pzd.
)
LaTeX Font Info:    Try loading font information for U+psy on input line 64.

("D:\MiKTeX 2.9\tex\latex\psnfss\upsy.fd"
File: upsy.fd 2001/06/04 font definitions for U/psy.
))
("D:\MiKTeX 2.9\tex\latex\paralist\paralist.sty"
Package: paralist 2017/01/22 v2.7 Extended list environments
\pltopsep=\skip55
\plpartopsep=\skip56
\plitemsep=\skip57
\plparsep=\skip58
\pl@lab=\toks20
)
("D:\MiKTeX 2.9\tex\latex\graphics\color.sty"
Package: color 2016/07/10 v1.1e Standard LaTeX Color (DPC)

("D:\MiKTeX 2.9\tex\latex\graphics-cfg\color.cfg"
File: color.cfg 2016/01/02 v1.6 sample color configuration
)
Package color Info: Driver file: pdftex.def on input line 147.

("D:\MiKTeX 2.9\tex\latex\graphics\dvipsnam.def"
File: dvipsnam.def 2016/06/17 v3.0m Driver-dependent file (DPC,SPQR)
))
("D:\MiKTeX 2.9\tex\latex\moreverb\moreverb.sty"
Package: moreverb 2008/06/03 v2.3a `more' verbatim facilities

("D:\MiKTeX 2.9\tex\latex\tools\verbatim.sty"
Package: verbatim 2014/10/28 v1.5q LaTeX2e package for verbatim enhancements
\every@verbatim=\toks21
\verbatim@line=\toks22
\verbatim@in@stream=\read1
)
\tab@position=\count105
\tab@size=\count106
\listing@line=\count107
)
("D:\MiKTeX 2.9\tex\latex\graphics\lscape.sty"
Package: lscape 2000/10/22 v3.01 Landscape Pages (DPC)
)
("D:\MiKTeX 2.9\tex\latex\tocbibind\tocbibind.sty"
Package: tocbibind 2010/10/13 v1.5k extra ToC listings
Package tocbibind Info: The document has chapter divisions on input line 50.


Package tocbibind Note: Using chapter style headings, unless overridden.

) ("D:\MiKTeX 2.9\tex\latex\datetime\datetime.sty"
Package: datetime 2015/03/20 v2.60 Date Time Package

("D:\MiKTeX 2.9\tex\latex\etoolbox\etoolbox.sty"
Package: etoolbox 2017/01/02 v2.4 e-TeX tools for LaTeX (JAW)
\etb@tempcnta=\count108
)
("D:\MiKTeX 2.9\tex\latex\fmtcount\fmtcount.sty"
Package: fmtcount 2017/09/16 v3.04

("D:\MiKTeX 2.9\tex\latex\base\ifthen.sty"
Package: ifthen 2014/09/29 v1.1c Standard LaTeX ifthen package (DPC)
)
("D:\MiKTeX 2.9\tex\latex\xkeyval\xkeyval.sty"
Package: xkeyval 2014/12/03 v2.7a package option processing (HA)

("D:\MiKTeX 2.9\tex\generic\xkeyval\xkeyval.tex"
("D:\MiKTeX 2.9\tex\generic\xkeyval\xkvutils.tex"
\XKV@toks=\toks23
\XKV@tempa@toks=\toks24
)
\XKV@depth=\count109
File: xkeyval.tex 2014/12/03 v2.7a key=value parser (HA)
))
("D:\MiKTeX 2.9\tex\latex\fmtcount\fcprefix.sty"
Package: fcprefix 2012/09/28

("D:\MiKTeX 2.9\tex\latex\fmtcount\fcnumparser.sty"
Package: fcnumparser 2017/06/15
\fc@digit@counter=\count110
))
\c@padzeroesN=\count111
\fc@tmpcatcode=\count112

("D:\MiKTeX 2.9\tex\latex\fmtcount\fc-english.def"
File: fc-english.def 2016/01/12
)
("D:\MiKTeX 2.9\tex\latex\fmtcount\fc-british.def"
File: fc-british.def 2013/08/17
)
\@DT@modctr=\count113
\@ordinalctr=\count114
\@orgargctr=\count115
\@strctr=\count116
\@tmpstrctr=\count117
\@DT@loopN=\count118
\@DT@X=\count119
)
("D:\MiKTeX 2.9\tex\latex\datetime\datetime-defaults.sty"
Package: datetime-defaults 2013/09/10
)
\@day=\count120
\@month=\count121
\@year=\count122
\c@HOUR=\count123
\c@HOURXII=\count124
\c@MINUTE=\count125
\c@TOHOUR=\count126
\c@TOMINUTE=\count127
\c@SECOND=\count128
\currenthour=\count129
\currentminute=\count130
\currentsecond=\count131
Package datetime Info: No datetime.cfg file found, using default settings on in
put line 308.
\@dtctr=\count132
\dayofyear=\count133
\dayofweek=\count134
LaTeX Info: Redefining \today on input line 736.

("D:\MiKTeX 2.9\tex\latex\datetime\dt-british.def"
File: dt-british.def 2013/09/10
)
("D:\MiKTeX 2.9\tex\latex\datetime\dt-greek.def"
File: dt-greek.def 2013/09/10
LaTeX Info: Redefining \dategreek on input line 64.
)
\dt@a=\toks25
\dt@b=\toks26
)
("D:\MiKTeX 2.9\tex\latex\tools\array.sty"
Package: array 2016/10/06 v2.4d Tabular extension package (FMi)
\col@sep=\dimen115
\extrarowheight=\dimen116
\NC@list=\toks27
\extratabsurround=\skip59
\backup@length=\skip60
)
("D:\MiKTeX 2.9\tex\latex\hyperref\hyperref.sty"
Package: hyperref 2017/03/14 v6.85a Hypertext links for LaTeX

("D:\MiKTeX 2.9\tex\generic\oberdiek\hobsub-hyperref.sty"
Package: hobsub-hyperref 2016/05/16 v1.14 Bundle oberdiek, subset hyperref (HO)


("D:\MiKTeX 2.9\tex\generic\oberdiek\hobsub-generic.sty"
Package: hobsub-generic 2016/05/16 v1.14 Bundle oberdiek, subset generic (HO)
Package: hobsub 2016/05/16 v1.14 Construct package bundles (HO)
Package hobsub Info: Skipping package `infwarerr' (already loaded).
Package hobsub Info: Skipping package `ltxcmds' (already loaded).
Package hobsub Info: Skipping package `ifluatex' (already loaded).
Package: ifvtex 2016/05/16 v1.6 Detect VTeX and its facilities (HO)
Package ifvtex Info: VTeX not detected.
Package: intcalc 2016/05/16 v1.2 Expandable calculations with integers (HO)
Package hobsub Info: Skipping package `ifpdf' (already loaded).
Package hobsub Info: Skipping package `etexcmds' (already loaded).
Package hobsub Info: Skipping package `kvsetkeys' (already loaded).
Package: kvdefinekeys 2016/05/16 v1.4 Define keys (HO)
Package hobsub Info: Skipping package `pdftexcmds' (already loaded).
Package: pdfescape 2016/05/16 v1.14 Implements pdfTeX's escape features (HO)
Package: bigintcalc 2016/05/16 v1.4 Expandable calculations on big integers (HO
)
Package: bitset 2016/05/16 v1.2 Handle bit-vector datatype (HO)
Package: uniquecounter 2016/05/16 v1.3 Provide unlimited unique counter (HO)
)
Package hobsub Info: Skipping package `hobsub' (already loaded).
Package: letltxmacro 2016/05/16 v1.5 Let assignment for LaTeX macros (HO)
Package: hopatch 2016/05/16 v1.3 Wrapper for package hooks (HO)
Package: xcolor-patch 2016/05/16 xcolor patch
Package: atveryend 2016/05/16 v1.9 Hooks at the very end of document (HO)
Package: atbegshi 2016/06/09 v1.18 At begin shipout hook (HO)
Package: refcount 2016/05/16 v3.5 Data extraction from label references (HO)
Package: hycolor 2016/05/16 v1.8 Color options for hyperref/bookmark (HO)
)
("D:\MiKTeX 2.9\tex\latex\oberdiek\auxhook.sty"
Package: auxhook 2016/05/16 v1.4 Hooks for auxiliary files (HO)
)
\@linkdim=\dimen117
\Hy@linkcounter=\count135
\Hy@pagecounter=\count136

("D:\MiKTeX 2.9\tex\latex\hyperref\pd1enc.def"
File: pd1enc.def 2017/03/14 v6.85a Hyperref: PDFDocEncoding definition (HO)
)
\Hy@SavedSpaceFactor=\count137

("D:\MiKTeX 2.9\tex\latex\00miktex\hyperref.cfg"
File: hyperref.cfg 2002/06/06 v1.2 hyperref configuration of TeXLive
)
Package hyperref Info: Option `colorlinks' set `true' on input line 4374.
Package hyperref Info: Option `bookmarks' set `true' on input line 4374.
Package hyperref Info: Hyper figures OFF on input line 4498.
Package hyperref Info: Link nesting OFF on input line 4503.
Package hyperref Info: Hyper index ON on input line 4506.
Package hyperref Info: Plain pages OFF on input line 4513.
Package hyperref Info: Backreferencing ON on input line 4516.
Package hyperref Info: Implicit mode ON; LaTeX internals redefined.
Package hyperref Info: Bookmarks ON on input line 4751.

("D:\MiKTeX 2.9\tex\latex\hyperref\backref.sty"
Package: backref 2016/05/21 v1.39 Bibliographical back referencing

("D:\MiKTeX 2.9\tex\latex\oberdiek\rerunfilecheck.sty"
Package: rerunfilecheck 2016/05/16 v1.8 Rerun checks for auxiliary files (HO)
Package uniquecounter Info: New unique counter `rerunfilecheck' on input line 2
82.
))
\c@Hy@tempcnt=\count138

("D:\MiKTeX 2.9\tex\latex\url\url.sty"
\Urlmuskip=\muskip11
Package: url 2013/09/16  ver 3.4  Verb mode for urls, etc.
)
LaTeX Info: Redefining \url on input line 5104.
\XeTeXLinkMargin=\dimen118
\Fld@menulength=\count139
\Field@Width=\dimen119
\Fld@charsize=\dimen120
Package hyperref Info: Hyper figures OFF on input line 6358.
Package hyperref Info: Link nesting OFF on input line 6363.
Package hyperref Info: Hyper index ON on input line 6366.
Package hyperref Info: backreferencing ON on input line 6371.
Package hyperref Info: Link coloring ON on input line 6376.
Package hyperref Info: Link coloring with OCG OFF on input line 6383.
Package hyperref Info: PDF/A mode OFF on input line 6388.
LaTeX Info: Redefining \ref on input line 6428.
LaTeX Info: Redefining \pageref on input line 6432.
\Hy@abspage=\count140
\c@Item=\count141
\c@Hfootnote=\count142
)

Package hyperref Message: Driver (autodetected): hpdftex.

("D:\MiKTeX 2.9\tex\latex\hyperref\hpdftex.def"
File: hpdftex.def 2017/03/14 v6.85a Hyperref driver for pdfTeX
\Fld@listcount=\count143
\c@bookmark@seq@number=\count144
\Hy@SectionHShift=\skip61
)
("D:\MiKTeX 2.9\tex\latex\lineno\lineno.sty"
Package: lineno 2005/11/02 line numbers on paragraphs v4.41
\linenopenalty=\count145
\output=\toks28
\linenoprevgraf=\count146
\linenumbersep=\dimen121
\linenumberwidth=\dimen122
\c@linenumber=\count147
\c@pagewiselinenumber=\count148
\c@LN@truepage=\count149
\c@internallinenumber=\count150
\c@internallinenumbers=\count151
\quotelinenumbersep=\dimen123
\bframerule=\dimen124
\bframesep=\dimen125
\bframebox=\box28
LaTeX Info: Redefining \\ on input line 3056.
)
("D:\MiKTeX 2.9\tex\latex\tools\longtable.sty"
Package: longtable 2014/10/28 v4.11 Multi-page Table package (DPC)
\LTleft=\skip62
\LTright=\skip63
\LTpre=\skip64
\LTpost=\skip65
\LTchunksize=\count152
\LTcapwidth=\dimen126
\LT@head=\box29
\LT@firsthead=\box30
\LT@foot=\box31
\LT@lastfoot=\box32
\LT@cols=\count153
\LT@rows=\count154
\c@LT@tables=\count155
\c@LT@chunks=\count156
\LT@p@ftn=\toks29
)
("D:\MiKTeX 2.9\tex\latex\placeins\placeins.sty"
Package: placeins 2005/04/18  v 2.2
)
("D:\MiKTeX 2.9\tex\latex\base\makeidx.sty"
Package: makeidx 2014/09/29 v1.0m Standard LaTeX package
)
("D:\MiKTeX 2.9\tex\latex\subfig\subfig.sty"
Package: subfig 2005/06/28 ver: 1.3 subfig package

("D:\MiKTeX 2.9\tex\latex\caption\caption.sty"
Package: caption 2016/02/21 v3.3-144 Customizing captions (AR)

("D:\MiKTeX 2.9\tex\latex\caption\caption3.sty"
Package: caption3 2016/05/22 v1.7-166 caption3 kernel (AR)
Package caption3 Info: TeX engine: e-TeX on input line 67.
\captionmargin=\dimen127
\captionmargin@=\dimen128
\captionwidth=\dimen129
\caption@tempdima=\dimen130
\caption@indent=\dimen131
\caption@parindent=\dimen132
\caption@hangindent=\dimen133
)
\c@ContinuedFloat=\count157
Package caption Info: hyperref package is loaded.
Package caption Info: longtable package is loaded.

("D:\MiKTeX 2.9\tex\latex\caption\ltcaption.sty"
Package: ltcaption 2013/06/09 v1.4-94 longtable captions (AR)
))
\c@KVtest=\count158
\sf@farskip=\skip66
\sf@captopadj=\dimen134
\sf@capskip=\skip67
\sf@nearskip=\skip68
\c@subfigure=\count159
\c@subfigure@save=\count160
\c@lofdepth=\count161
\c@subtable=\count162
\c@subtable@save=\count163
\c@lotdepth=\count164
\sf@top=\skip69
\sf@bottom=\skip70
)
("D:\MiKTeX 2.9\tex\latex\booktabs\booktabs.sty"
Package: booktabs 2005/04/14 v1.61803 publication quality tables
\heavyrulewidth=\dimen135
\lightrulewidth=\dimen136
\cmidrulewidth=\dimen137
\belowrulesep=\dimen138
\belowbottomsep=\dimen139
\aboverulesep=\dimen140
\abovetopsep=\dimen141
\cmidrulesep=\dimen142
\cmidrulekern=\dimen143
\defaultaddspace=\dimen144
\@cmidla=\count165
\@cmidlb=\count166
\@aboverulesep=\dimen145
\@belowrulesep=\dimen146
\@thisruleclass=\count167
\@lastruleclass=\count168
\@thisrulewidth=\dimen147
)
("D:\MiKTeX 2.9\tex\latex\graphics\rotating.sty"
Package: rotating 2016/08/11 v2.16d rotated objects in LaTeX
\c@r@tfl@t=\count169
\rotFPtop=\skip71
\rotFPbot=\skip72
\rot@float@box=\box33
\rot@mess@toks=\toks30
)
("D:\MiKTeX 2.9\tex\latex\textpos\textpos.sty"
Package: textpos 2016/06/07 v1.8

Package: textpos 2016/06/07 1.8, absolute positioning of text on the page
("D:\MiKTeX 2.9\tex\latex\ms\everyshi.sty"
Package: everyshi 2001/05/15 v3.00 EveryShipout Package (MS)
)
\TP@textbox=\box34
\TP@holdbox=\box35
\TPHorizModule=\dimen148
\TPVertModule=\dimen149
\TP@margin=\dimen150
\TP@absmargin=\dimen151

Grid set 16 x 16 = 37.34424pt x 52.81541pt
\TPboxrulesize=\dimen152
\TP@ox=\dimen153
\TP@oy=\dimen154
\TP@tbargs=\toks31
\TP@prevdepth=\dimen155
TextBlockOrigin set to 0pt x 0pt
) ("D:\MiKTeX 2.9\tex\latex\listings\listings.sty"
\lst@mode=\count170
\lst@gtempboxa=\box36
\lst@token=\toks32
\lst@length=\count171
\lst@currlwidth=\dimen156
\lst@column=\count172
\lst@pos=\count173
\lst@lostspace=\dimen157
\lst@width=\dimen158
\lst@newlines=\count174
\lst@lineno=\count175
\lst@maxwidth=\dimen159

("D:\MiKTeX 2.9\tex\latex\listings\lstmisc.sty"
File: lstmisc.sty 2015/06/04 1.6 (Carsten Heinz)
\c@lstnumber=\count176
\lst@skipnumbers=\count177
\lst@framebox=\box37
)
("D:\MiKTeX 2.9\tex\latex\listings\listings.cfg"
File: listings.cfg 2015/06/04 1.6 listings configuration
))
Package: listings 2015/06/04 1.6 (Carsten Heinz)

("D:\MiKTeX 2.9\tex\latex\listings\lstlang1.sty"
File: lstlang1.sty 2015/06/04 1.6 listings language file
)
("D:\MiKTeX 2.9\tex\latex\listings\lstmisc.sty"
File: lstmisc.sty 2015/06/04 1.6 (Carsten Heinz)
)) (thesis.aux (titlepage.aux))
\openout1 = `thesis.aux'.

LaTeX Font Info:    Checking defaults for OML/cmm/m/it on input line 45.
LaTeX Font Info:    ... okay on input line 45.
LaTeX Font Info:    Checking defaults for T1/cmr/m/n on input line 45.
LaTeX Font Info:    ... okay on input line 45.
LaTeX Font Info:    Checking defaults for OT1/cmr/m/n on input line 45.
LaTeX Font Info:    ... okay on input line 45.
LaTeX Font Info:    Checking defaults for OMS/cmsy/m/n on input line 45.
LaTeX Font Info:    ... okay on input line 45.
LaTeX Font Info:    Checking defaults for OMX/cmex/m/n on input line 45.
LaTeX Font Info:    ... okay on input line 45.
LaTeX Font Info:    Checking defaults for U/cmr/m/n on input line 45.
LaTeX Font Info:    ... okay on input line 45.
LaTeX Font Info:    Checking defaults for LGR/cmr/m/n on input line 45.
LaTeX Font Info:    Try loading font information for LGR+cmr on input line 45.

("D:\MiKTeX 2.9\tex\latex\cbfonts-fd\lgrcmr.fd"
File: lgrcmr.fd 2017/07/29 v1.2 Greek European Computer Regular
)
LaTeX Font Info:    ... okay on input line 45.
LaTeX Font Info:    Checking defaults for PD1/pdf/m/n on input line 45.
LaTeX Font Info:    ... okay on input line 45.

("D:\MiKTeX 2.9\tex\context\base\supp-pdf.mkii"
[Loading MPS to PDF converter (version 2006.09.02).]
\scratchcounter=\count178
\scratchdimen=\dimen160
\scratchbox=\box38
\nofMPsegments=\count179
\nofMParguments=\count180
\everyMPshowfont=\toks33
\MPscratchCnt=\count181
\MPscratchDim=\dimen161
\MPnumerator=\count182
\makeMPintoPDFobject=\count183
\everyMPtoPDFconversion=\toks34
) ("D:\MiKTeX 2.9\tex\latex\oberdiek\epstopdf-base.sty"
Package: epstopdf-base 2016/05/15 v2.6 Base part for package epstopdf

("D:\MiKTeX 2.9\tex\latex\oberdiek\grfext.sty"
Package: grfext 2016/05/16 v1.2 Manage graphics extensions (HO)
)
Package epstopdf-base Info: Redefining graphics rule for `.eps' on input line 4
38.
Package grfext Info: Graphics extension search list:
(grfext)             [.png,.pdf,.jpg,.mps,.jpeg,.jbig2,.jb2,.PNG,.PDF,.JPG,.JPE
G,.JBIG2,.JB2,.eps]
(grfext)             \AppendGraphicsExtensions on input line 456.
)
\AtBeginShipoutBox=\box39
Package hyperref Info: Link coloring ON on input line 45.

("D:\MiKTeX 2.9\tex\latex\hyperref\nameref.sty"
Package: nameref 2016/05/21 v2.44 Cross-referencing by name of section

("D:\MiKTeX 2.9\tex\generic\oberdiek\gettitlestring.sty"
Package: gettitlestring 2016/05/16 v1.5 Cleanup title references (HO)
)
\c@section@level=\count184
)
LaTeX Info: Redefining \ref on input line 45.
LaTeX Info: Redefining \pageref on input line 45.
LaTeX Info: Redefining \nameref on input line 45.
 (thesis.out)
(thesis.out)
\@outlinefile=\write3
\openout3 = `thesis.out'.

Package caption Info: Begin \AtBeginDocument code.
Package caption Info: subfig package v1.3 is loaded.
Package caption Info: listings package is loaded.
Package caption Info: rotating package is loaded.
Package caption Info: End \AtBeginDocument code.
 ABD: EveryShipout initializing macros
\c@lstlisting=\count185
\openout2 = `titlepage.aux'.

 (titlepage.tex
<figures/tue-logo-high.png, id=114, 2004.48875pt x 426.59375pt>
File: figures/tue-logo-high.png Graphic file (type png)

<use figures/tue-logo-high.png>
Package pdftex.def Info: figures/tue-logo-high.png used on input line 3.
(pdftex.def)             Requested size: 267.38278pt x 56.9055pt.
\backupparindent=\skip73
 [1{C:/ProgramData/MiKTeX/2.9/pdftex/config/pdftex.map}


 <./figures/tue-logo-high.png>]) (thesis.toc)
\tf@toc=\write4
\openout4 = `thesis.toc'.

 [2


]
Chapter 1.
(chapters/introduction.tex
Underfull \hbox (badness 10000) in paragraph at lines 6--7

 []

) [1

]
Chapter 2.
(chapters/preliminaries.tex
<figures/lenet5.png, id=169, 761.84625pt x 209.78375pt>
File: figures/lenet5.png Graphic file (type png)

<use figures/lenet5.png>
Package pdftex.def Info: figures/lenet5.png used on input line 21.
(pdftex.def)             Requested size: 380.9222pt x 104.8916pt.


LaTeX Warning: `h' float specifier changed to `ht'.

<figures/alexnet.png, id=174, 1715.40875pt x 544.0325pt>
File: figures/alexnet.png Graphic file (type png)

<use figures/alexnet.png>
Package pdftex.def Info: figures/alexnet.png used on input line 31.
(pdftex.def)             Requested size: 428.85114pt x 136.00778pt.

Overfull \hbox (4.2649pt too wide) in paragraph at lines 31--33
 [][] 
 []

[2

] <figures/vggnet.png, id=186, 476.78125pt x 481.8pt>
File: figures/vggnet.png Graphic file (type png)

<use figures/vggnet.png>
Package pdftex.def Info: figures/vggnet.png used on input line 51.
(pdftex.def)             Requested size: 238.39003pt x 240.8994pt.


LaTeX Warning: `h' float specifier changed to `ht'.

[3 <./figures/lenet5.png> <./figures/alexnet.png>]
<figures/mnist.png, id=203, 531.9875pt x 298.11375pt>
File: figures/mnist.png Graphic file (type png)
 <use figures/mnist.png>
Package pdftex.def Info: figures/mnist.png used on input line 71.
(pdftex.def)             Requested size: 159.59747pt x 89.43481pt.

[4 <./figures/vggnet.png (PNG copy)> <./figures/mnist.png (PNG copy)>]
<figures/fashion-mnist.png, id=211, 607.068pt x 607.068pt>
File: figures/fashion-mnist.png Graphic file (type png)

<use figures/fashion-mnist.png>
Package pdftex.def Info: figures/fashion-mnist.png used on input line 82.
(pdftex.def)             Requested size: 182.1218pt x 182.1218pt.

<figures/cifar10.png, id=216, 370.38374pt x 276.28218pt>
File: figures/cifar10.png Graphic file (type png)

<use figures/cifar10.png>
Package pdftex.def Info: figures/cifar10.png used on input line 97.
(pdftex.def)             Requested size: 185.1914pt x 138.14075pt.
 [5 <./figures/fashion-mnist.png> <./figures/cifar10.png>] <figures/svhn.png, i
d=230, 341.275pt x 341.275pt>
File: figures/svhn.png Graphic file (type png)
 <use figures/svhn.png>
Package pdftex.def Info: figures/svhn.png used on input line 127.
(pdftex.def)             Requested size: 170.63707pt x 170.63707pt.
)
[6 <./figures/svhn.png (PNG copy)>]
Chapter 3.
(chapters/first_real_chapter.tex
Missing character: There is no Â in font cmr10!
Missing character: There is no ® in font cmr10!
Missing character: There is no â in font cmr10!
Missing character: There is no „ in font cmr10!
Missing character: There is no ¢ in font cmr10!
Missing character: There is no Â in font cmr10!
Missing character: There is no ® in font cmr10!
Missing character: There is no Â in font cmr10!
Missing character: There is no ® in font cmr10!

<figures/lenet_arch.png, id=243, 385.44pt x 212.29312pt>
File: figures/lenet_arch.png Graphic file (type png)

<use figures/lenet_arch.png>
Package pdftex.def Info: figures/lenet_arch.png used on input line 28.
(pdftex.def)             Requested size: 192.71953pt x 106.1463pt.


LaTeX Warning: `h' float specifier changed to `ht'.

[7

] <figures/vgg_arch.png, id=256, 386.94562pt x 415.5525pt>
File: figures/vgg_arch.png Graphic file (type png)

<use figures/vgg_arch.png>
Package pdftex.def Info: figures/vgg_arch.png used on input line 38.
(pdftex.def)             Requested size: 193.47234pt x 207.77574pt.
 [8 <./figures/lenet_arch.png> <./figures/vgg_arch.png>] <figures/squeezenet.pn
g, id=270, 339.51843pt x 627.09282pt>
File: figures/squeezenet.png Graphic file (type png)

<use figures/squeezenet.png>
Package pdftex.def Info: figures/squeezenet.png used on input line 56.
(pdftex.def)             Requested size: 169.75879pt x 313.54564pt.
) [9 <./figures/squeezenet.png>]
Chapter 4.
(chapters/second_real_chapter.tex
<figures/params.png, id=292, 639.38875pt x 346.29375pt>
File: figures/params.png Graphic file (type png)

<use figures/params.png>
Package pdftex.def Info: figures/params.png used on input line 49.
(pdftex.def)             Requested size: 319.69359pt x 173.14644pt.
 [10

 <./figures/params.png>] [11])
Overfull \hbox (12.42853pt too wide) in paragraph at lines 84--116
\OT1/cmr/m/n/10 poch while ap-ply-ing it on GTX1080Ti took 35 second-s/e-poch (
ac-cord-ing to [][]https://github.com/keras-
 []

[12]
Chapter 5.
(chapters/conclusions.tex) (thesis.bbl (thesis.brf)
\tf@brf=\write5
\openout5 = `thesis.brf'.

 [13

]) (appendices/main.tex
[14

]
Appendix A.
("D:\MiKTeX 2.9\tex\latex\listings\lstlang1.sty"
File: lstlang1.sty 2015/06/04 1.6 listings language file
)
Package hyperref Info: bookmark level for unknown lstlisting defaults to 0 on i
nput line 2.
 [15

]
LaTeX Font Info:    Try loading font information for OMS+cmr on input line 61.

("D:\MiKTeX 2.9\tex\latex\base\omscmr.fd"
File: omscmr.fd 2014/09/29 v2.5h Standard LaTeX font definitions
)
LaTeX Font Info:    Font shape `OMS/cmr/m/n' in size <8> not available
(Font)              Font shape `OMS/cmsy/m/n' tried instead on input line 61.
LaTeX Font Info:    Try loading font information for OML+cmr on input line 84.

("D:\MiKTeX 2.9\tex\latex\base\omlcmr.fd"
File: omlcmr.fd 2014/09/29 v2.5h Standard LaTeX font definitions
)
LaTeX Font Info:    Font shape `OML/cmr/m/n' in size <8> not available
(Font)              Font shape `OML/cmm/m/it' tried instead on input line 84.

Underfull \vbox (badness 10000) has occurred while \output is active []

 [16]
Underfull \vbox (badness 10000) has occurred while \output is active []

 [17]
Underfull \vbox (badness 10000) has occurred while \output is active []

 [18]
Underfull \vbox (badness 10000) has occurred while \output is active []

 [19]
[20]
Underfull \vbox (badness 10000) has occurred while \output is active []

 [21]
[22])
Package atveryend Info: Empty hook `BeforeClearDocument' on input line 143.
 [23]
Package atveryend Info: Empty hook `AfterLastShipout' on input line 143.
 (thesis.aux (titlepage.aux))
Package atveryend Info: Executing hook `AtVeryEndDocument' on input line 143.
Package atveryend Info: Executing hook `AtEndAfterFileList' on input line 143.
Package rerunfilecheck Info: File `thesis.out' has not changed.
(rerunfilecheck)             Checksum: 4EB7DE910C4B23A16C81C4E564936DAC;1652.
Package rerunfilecheck Info: File `thesis.brf' has not changed.
(rerunfilecheck)             Checksum: D5BB63D8F4BE53AED0CB1B7203CF5317;1009.
 ) 
Here is how much of TeX's memory you used:
 13294 strings out of 493323
 199445 string characters out of 3145100
 627127 words of memory out of 3000000
 15936 multiletter control sequences out of 15000+200000
 11840 words of font info for 42 fonts, out of 3000000 for 9000
 1141 hyphenation exceptions out of 8191
 68i,12n,98p,1156b,1909s stack positions out of 5000i,500n,10000p,200000b,50000s
<D:/MiKTeX 2.9/fonts/type1/public/amsfonts/cm/cmbx10.pfb><D:/MiKTeX 2.9/fonts
/type1/public/amsfonts/cm/cmbx12.pfb><D:/MiKTeX 2.9/fonts/type1/public/amsfonts
/cm/cmmi10.pfb><D:/MiKTeX 2.9/fonts/type1/public/amsfonts/cm/cmmi8.pfb><D:/MiKT
eX 2.9/fonts/type1/public/amsfonts/cm/cmr10.pfb><D:/MiKTeX 2.9/fonts/type1/publ
ic/amsfonts/cm/cmr12.pfb><D:/MiKTeX 2.9/fonts/type1/public/amsfonts/cm/cmr8.pfb
><D:/MiKTeX 2.9/fonts/type1/public/amsfonts/cm/cmsl10.pfb><D:/MiKTeX 2.9/fonts/
type1/public/amsfonts/cm/cmsy8.pfb><D:/MiKTeX 2.9/fonts/type1/public/amsfonts/c
m/cmti10.pfb><D:/MiKTeX 2.9/fonts/type1/public/amsfonts/cm/cmti12.pfb><D:/MiKTe
X 2.9/fonts/type1/public/amsfonts/cm/cmtt10.pfb>
Output written on thesis.pdf (25 pages, 1787481 bytes).
PDF statistics:
 1055 PDF objects out of 1200 (max. 8388607)
 603 named destinations out of 1000 (max. 500000)
 285 words of extra memory for PDF output out of 10000 (max. 10000000)

