\BOOKMARK [0][-]{chapter*.1}{Contents}{}% 1
\BOOKMARK [0][-]{chapter.1}{Introduction}{}% 2
\BOOKMARK [1][-]{section.1.1}{Context \046 Motivation}{chapter.1}% 3
\BOOKMARK [1][-]{section.1.2}{Research Question}{chapter.1}% 4
\BOOKMARK [0][-]{chapter.2}{Literature Study}{}% 5
\BOOKMARK [1][-]{section.2.1}{Deep Learning}{chapter.2}% 6
\BOOKMARK [2][-]{subsection.2.1.1}{LeNet-5}{section.2.1}% 7
\BOOKMARK [2][-]{subsection.2.1.2}{Alex-Net}{section.2.1}% 8
\BOOKMARK [2][-]{subsection.2.1.3}{VGG Net}{section.2.1}% 9
\BOOKMARK [2][-]{subsection.2.1.4}{ResNet}{section.2.1}% 10
\BOOKMARK [1][-]{section.2.2}{Dataset}{chapter.2}% 11
\BOOKMARK [2][-]{subsection.2.2.1}{MNIST}{section.2.2}% 12
\BOOKMARK [2][-]{subsection.2.2.2}{Fashion-MNIST}{section.2.2}% 13
\BOOKMARK [2][-]{subsection.2.2.3}{CIFAR-10}{section.2.2}% 14
\BOOKMARK [2][-]{subsection.2.2.4}{SVHN}{section.2.2}% 15
\BOOKMARK [0][-]{chapter.3}{Experiment}{}% 16
\BOOKMARK [1][-]{section.3.1}{Experiment Setup}{chapter.3}% 17
\BOOKMARK [2][-]{subsection.3.1.1}{Architecture Implementation}{section.3.1}% 18
\BOOKMARK [2][-]{subsection.3.1.2}{Dataset Preprocessing}{section.3.1}% 19
\BOOKMARK [0][-]{chapter.4}{Results and Discussion}{}% 20
\BOOKMARK [1][-]{section.4.1}{Experiment Result}{chapter.4}% 21
\BOOKMARK [1][-]{section.4.2}{Discussion}{chapter.4}% 22
\BOOKMARK [1][-]{section.4.3}{Limitation}{chapter.4}% 23
\BOOKMARK [0][-]{chapter.5}{Conclusion}{}% 24
\BOOKMARK [1][-]{section.5.1}{Future Works}{chapter.5}% 25
\BOOKMARK [0][-]{chapter*.20}{Bibliography}{}% 26
\BOOKMARK [0][-]{chapter*.20}{Appendix}{}% 27
\BOOKMARK [0][-]{appendix.A}{Python Code}{}% 28
